"docker run" requires at least 1 argument(s).
See 'docker run --help'.

Usage:  docker run [OPTIONS] IMAGE [COMMAND] [ARG...]

Run a command in a new container
./run.sh: line 14: --entrypoint=python: command not found
./run.sh: line 15: sbungartz/cooja: No such file or directory
./run.sh: line 16: calc_experimental_connectivity.py: command not found
"docker run" requires at least 1 argument(s).
See 'docker run --help'.

Usage:  docker run [OPTIONS] IMAGE [COMMAND] [ARG...]

Run a command in a new container
./run.sh: line 14: --entrypoint=python: command not found
./run.sh: line 15: sbungartz/cooja: No such file or directory
./run.sh: line 16: calc_experimental_connectivity.py: command not found
"docker run" requires at least 1 argument(s).
See 'docker run --help'.

Usage:  docker run [OPTIONS] IMAGE [COMMAND] [ARG...]

Run a command in a new container
./run.sh: line 14: --entrypoint=python: command not found
./run.sh: line 15: sbungartz/cooja: No such file or directory
./run.sh: line 16: calc_experimental_connectivity.py: command not found
"docker run" requires at least 1 argument(s).
See 'docker run --help'.

Usage:  docker run [OPTIONS] IMAGE [COMMAND] [ARG...]

Run a command in a new container
./run.sh: line 14: --entrypoint=python: command not found
./run.sh: line 15: sbungartz/cooja: No such file or directory
./run.sh: line 16: calc_experimental_connectivity.py: command not found
"docker run" requires at least 1 argument(s).
See 'docker run --help'.

Usage:  docker run [OPTIONS] IMAGE [COMMAND] [ARG...]

Run a command in a new container
./run.sh: line 14: --entrypoint=python: command not found
./run.sh: line 15: sbungartz/cooja: No such file or directory
./run.sh: line 16: calc_experimental_connectivity.py: command not found
"docker run" requires at least 1 argument(s).
See 'docker run --help'.

Usage:  docker run [OPTIONS] IMAGE [COMMAND] [ARG...]

Run a command in a new container
./run.sh: line 14: --entrypoint=python: command not found
./run.sh: line 15: sbungartz/cooja: No such file or directory
./run.sh: line 16: calc_experimental_connectivity.py: command not found
"docker run" requires at least 1 argument(s).
See 'docker run --help'.

Usage:  docker run [OPTIONS] IMAGE [COMMAND] [ARG...]

Run a command in a new container
./run.sh: line 14: --entrypoint=python: command not found
./run.sh: line 15: sbungartz/cooja: No such file or directory
./run.sh: line 16: calc_experimental_connectivity.py: command not found
"docker run" requires at least 1 argument(s).
See 'docker run --help'.

Usage:  docker run [OPTIONS] IMAGE [COMMAND] [ARG...]

Run a command in a new container
./run.sh: line 14: --entrypoint=python: command not found
./run.sh: line 15: sbungartz/cooja: No such file or directory
./run.sh: line 16: calc_experimental_connectivity.py: command not found
"docker run" requires at least 1 argument(s).
See 'docker run --help'.

Usage:  docker run [OPTIONS] IMAGE [COMMAND] [ARG...]

Run a command in a new container
./run.sh: line 14: --entrypoint=python: command not found
./run.sh: line 15: sbungartz/cooja: No such file or directory
./run.sh: line 16: calc_experimental_connectivity.py: command not found
"docker run" requires at least 1 argument(s).
See 'docker run --help'.

Usage:  docker run [OPTIONS] IMAGE [COMMAND] [ARG...]

Run a command in a new container
./run.sh: line 14: --entrypoint=python: command not found
./run.sh: line 15: sbungartz/cooja: No such file or directory
./run.sh: line 16: calc_experimental_connectivity.py: command not found
"docker run" requires at least 1 argument(s).
See 'docker run --help'.

Usage:  docker run [OPTIONS] IMAGE [COMMAND] [ARG...]

Run a command in a new container
./run.sh: line 14: --entrypoint=python: command not found
./run.sh: line 15: sbungartz/cooja: No such file or directory
./run.sh: line 16: calc_experimental_connectivity.py: command not found
"docker run" requires at least 1 argument(s).
See 'docker run --help'.

Usage:  docker run [OPTIONS] IMAGE [COMMAND] [ARG...]

Run a command in a new container
./run.sh: line 14: --entrypoint=python: command not found
./run.sh: line 15: sbungartz/cooja: No such file or directory
./run.sh: line 16: calc_experimental_connectivity.py: command not found
"docker run" requires at least 1 argument(s).
See 'docker run --help'.

Usage:  docker run [OPTIONS] IMAGE [COMMAND] [ARG...]

Run a command in a new container
./run.sh: line 14: --entrypoint=python: command not found
./run.sh: line 15: sbungartz/cooja: No such file or directory
./run.sh: line 16: calc_experimental_connectivity.py: command not found
"docker run" requires at least 1 argument(s).
See 'docker run --help'.

Usage:  docker run [OPTIONS] IMAGE [COMMAND] [ARG...]

Run a command in a new container
./run.sh: line 14: --entrypoint=python: command not found
./run.sh: line 15: sbungartz/cooja: No such file or directory
./run.sh: line 16: calc_experimental_connectivity.py: command not found
"docker run" requires at least 1 argument(s).
See 'docker run --help'.

Usage:  docker run [OPTIONS] IMAGE [COMMAND] [ARG...]

Run a command in a new container
./run.sh: line 14: --entrypoint=python: command not found
./run.sh: line 15: sbungartz/cooja: No such file or directory
./run.sh: line 16: calc_experimental_connectivity.py: command not found
"docker run" requires at least 1 argument(s).
See 'docker run --help'.

Usage:  docker run [OPTIONS] IMAGE [COMMAND] [ARG...]

Run a command in a new container
./run.sh: line 14: --entrypoint=python: command not found
./run.sh: line 15: sbungartz/cooja: No such file or directory
./run.sh: line 16: calc_experimental_connectivity.py: command not found
"docker run" requires at least 1 argument(s).
See 'docker run --help'.

Usage:  docker run [OPTIONS] IMAGE [COMMAND] [ARG...]

Run a command in a new container
./run.sh: line 14: --entrypoint=python: command not found
./run.sh: line 15: sbungartz/cooja: No such file or directory
./run.sh: line 16: calc_experimental_connectivity.py: command not found
"docker run" requires at least 1 argument(s).
See 'docker run --help'.

Usage:  docker run [OPTIONS] IMAGE [COMMAND] [ARG...]

Run a command in a new container
./run.sh: line 14: --entrypoint=python: command not found
./run.sh: line 15: sbungartz/cooja: No such file or directory
./run.sh: line 16: calc_experimental_connectivity.py: command not found
"docker run" requires at least 1 argument(s).
See 'docker run --help'.

Usage:  docker run [OPTIONS] IMAGE [COMMAND] [ARG...]

Run a command in a new container
./run.sh: line 14: --entrypoint=python: command not found
./run.sh: line 15: sbungartz/cooja: No such file or directory
./run.sh: line 16: calc_experimental_connectivity.py: command not found
"docker run" requires at least 1 argument(s).
See 'docker run --help'.

Usage:  docker run [OPTIONS] IMAGE [COMMAND] [ARG...]

Run a command in a new container
./run.sh: line 14: --entrypoint=python: command not found
./run.sh: line 15: sbungartz/cooja: No such file or directory
./run.sh: line 16: calc_experimental_connectivity.py: command not found
"docker run" requires at least 1 argument(s).
See 'docker run --help'.

Usage:  docker run [OPTIONS] IMAGE [COMMAND] [ARG...]

Run a command in a new container
./run.sh: line 14: --entrypoint=python: command not found
./run.sh: line 15: sbungartz/cooja: No such file or directory
./run.sh: line 16: calc_experimental_connectivity.py: command not found
"docker run" requires at least 1 argument(s).
See 'docker run --help'.

Usage:  docker run [OPTIONS] IMAGE [COMMAND] [ARG...]

Run a command in a new container
./run.sh: line 14: --entrypoint=python: command not found
./run.sh: line 15: sbungartz/cooja: No such file or directory
./run.sh: line 16: calc_experimental_connectivity.py: command not found
"docker run" requires at least 1 argument(s).
See 'docker run --help'.

Usage:  docker run [OPTIONS] IMAGE [COMMAND] [ARG...]

Run a command in a new container
./run.sh: line 14: --entrypoint=python: command not found
./run.sh: line 15: sbungartz/cooja: No such file or directory
./run.sh: line 16: calc_experimental_connectivity.py: command not found
"docker run" requires at least 1 argument(s).
See 'docker run --help'.

Usage:  docker run [OPTIONS] IMAGE [COMMAND] [ARG...]

Run a command in a new container
./run.sh: line 14: --entrypoint=python: command not found
./run.sh: line 15: sbungartz/cooja: No such file or directory
./run.sh: line 16: calc_experimental_connectivity.py: command not found
"docker run" requires at least 1 argument(s).
See 'docker run --help'.

Usage:  docker run [OPTIONS] IMAGE [COMMAND] [ARG...]

Run a command in a new container
./run.sh: line 14: --entrypoint=python: command not found
./run.sh: line 15: sbungartz/cooja: No such file or directory
./run.sh: line 16: calc_experimental_connectivity.py: command not found
"docker run" requires at least 1 argument(s).
See 'docker run --help'.

Usage:  docker run [OPTIONS] IMAGE [COMMAND] [ARG...]

Run a command in a new container
./run.sh: line 14: --entrypoint=python: command not found
./run.sh: line 15: sbungartz/cooja: No such file or directory
./run.sh: line 16: calc_experimental_connectivity.py: command not found
"docker run" requires at least 1 argument(s).
See 'docker run --help'.

Usage:  docker run [OPTIONS] IMAGE [COMMAND] [ARG...]

Run a command in a new container
./run.sh: line 14: --entrypoint=python: command not found
./run.sh: line 15: sbungartz/cooja: No such file or directory
./run.sh: line 16: calc_experimental_connectivity.py: command not found
"docker run" requires at least 1 argument(s).
See 'docker run --help'.

Usage:  docker run [OPTIONS] IMAGE [COMMAND] [ARG...]

Run a command in a new container
./run.sh: line 14: --entrypoint=python: command not found
./run.sh: line 15: sbungartz/cooja: No such file or directory
./run.sh: line 16: calc_experimental_connectivity.py: command not found
"docker run" requires at least 1 argument(s).
See 'docker run --help'.

Usage:  docker run [OPTIONS] IMAGE [COMMAND] [ARG...]

Run a command in a new container
./run.sh: line 14: --entrypoint=python: command not found
./run.sh: line 15: sbungartz/cooja: No such file or directory
./run.sh: line 16: calc_experimental_connectivity.py: command not found
"docker run" requires at least 1 argument(s).
See 'docker run --help'.

Usage:  docker run [OPTIONS] IMAGE [COMMAND] [ARG...]

Run a command in a new container
./run.sh: line 14: --entrypoint=python: command not found
./run.sh: line 15: sbungartz/cooja: No such file or directory
./run.sh: line 16: calc_experimental_connectivity.py: command not found
"docker run" requires at least 1 argument(s).
See 'docker run --help'.

Usage:  docker run [OPTIONS] IMAGE [COMMAND] [ARG...]

Run a command in a new container
./run.sh: line 14: --entrypoint=python: command not found
./run.sh: line 15: sbungartz/cooja: No such file or directory
./run.sh: line 16: calc_experimental_connectivity.py: command not found
"docker run" requires at least 1 argument(s).
See 'docker run --help'.

Usage:  docker run [OPTIONS] IMAGE [COMMAND] [ARG...]

Run a command in a new container
./run.sh: line 14: --entrypoint=python: command not found
./run.sh: line 15: sbungartz/cooja: No such file or directory
./run.sh: line 16: calc_experimental_connectivity.py: command not found
"docker run" requires at least 1 argument(s).
See 'docker run --help'.

Usage:  docker run [OPTIONS] IMAGE [COMMAND] [ARG...]

Run a command in a new container
./run.sh: line 14: --entrypoint=python: command not found
./run.sh: line 15: sbungartz/cooja: No such file or directory
./run.sh: line 16: calc_experimental_connectivity.py: command not found
"docker run" requires at least 1 argument(s).
See 'docker run --help'.

Usage:  docker run [OPTIONS] IMAGE [COMMAND] [ARG...]

Run a command in a new container
./run.sh: line 14: --entrypoint=python: command not found
./run.sh: line 15: sbungartz/cooja: No such file or directory
./run.sh: line 16: calc_experimental_connectivity.py: command not found
"docker run" requires at least 1 argument(s).
See 'docker run --help'.

Usage:  docker run [OPTIONS] IMAGE [COMMAND] [ARG...]

Run a command in a new container
./run.sh: line 14: --entrypoint=python: command not found
./run.sh: line 15: sbungartz/cooja: No such file or directory
./run.sh: line 16: calc_experimental_connectivity.py: command not found
"docker run" requires at least 1 argument(s).
See 'docker run --help'.

Usage:  docker run [OPTIONS] IMAGE [COMMAND] [ARG...]

Run a command in a new container
./run.sh: line 14: --entrypoint=python: command not found
./run.sh: line 15: sbungartz/cooja: No such file or directory
./run.sh: line 16: calc_experimental_connectivity.py: command not found
"docker run" requires at least 1 argument(s).
See 'docker run --help'.

Usage:  docker run [OPTIONS] IMAGE [COMMAND] [ARG...]

Run a command in a new container
./run.sh: line 14: --entrypoint=python: command not found
./run.sh: line 15: sbungartz/cooja: No such file or directory
./run.sh: line 16: calc_experimental_connectivity.py: command not found
"docker run" requires at least 1 argument(s).
See 'docker run --help'.

Usage:  docker run [OPTIONS] IMAGE [COMMAND] [ARG...]

Run a command in a new container
./run.sh: line 14: --entrypoint=python: command not found
./run.sh: line 15: sbungartz/cooja: No such file or directory
./run.sh: line 16: calc_experimental_connectivity.py: command not found
"docker run" requires at least 1 argument(s).
See 'docker run --help'.

Usage:  docker run [OPTIONS] IMAGE [COMMAND] [ARG...]

Run a command in a new container
./run.sh: line 14: --entrypoint=python: command not found
./run.sh: line 15: sbungartz/cooja: No such file or directory
./run.sh: line 16: calc_experimental_connectivity.py: command not found
"docker run" requires at least 1 argument(s).
See 'docker run --help'.

Usage:  docker run [OPTIONS] IMAGE [COMMAND] [ARG...]

Run a command in a new container
./run.sh: line 14: --entrypoint=python: command not found
./run.sh: line 15: sbungartz/cooja: No such file or directory
./run.sh: line 16: calc_experimental_connectivity.py: command not found
